#-----------------------------------------------------------
# Vivado v2022.1 (64-bit)
# SW Build 3526262 on Mon Apr 18 15:48:16 MDT 2022
# IP Build 3524634 on Mon Apr 18 20:55:01 MDT 2022
# Start of session at: Wed Nov  9 15:01:09 2022
# Process ID: 10620
# Current directory: C:/Users/006497838/Desktop/pipelined Processor/Pipeline/IF_class_discussion
# Command line: vivado.exe -gui_launcher_event rodinguilauncherevent4180 C:\Users\006497838\Desktop\pipelined Processor\Pipeline\IF_class_discussion\IF_class_discussion.xpr
# Log file: C:/Users/006497838/Desktop/pipelined Processor/Pipeline/IF_class_discussion/vivado.log
# Journal file: C:/Users/006497838/Desktop/pipelined Processor/Pipeline/IF_class_discussion\vivado.jou
# Running On: CNS-JB311-67839, OS: Windows, CPU Frequency: 2304 MHz, CPU Physical cores: 8, Host memory: 33973 MB
#-----------------------------------------------------------
start_gui
open_project {C:/Users/006497838/Desktop/pipelined Processor/Pipeline/IF_class_discussion/IF_class_discussion.xpr}
WARNING: [Board 49-26] cannot add Board Part xilinx.com:kc705:part0:1.6 available at C:/Xilinx/Vivado/2022.1/data/xhub/boards/XilinxBoardStore/boards/Xilinx/kc705/1.6/board.xml as part xc7k325tffg900-2 specified in board_part file is either invalid or not available
WARNING: [Board 49-26] cannot add Board Part xilinx.com:kcu105:part0:1.6 available at C:/Xilinx/Vivado/2022.1/data/xhub/boards/XilinxBoardStore/boards/Xilinx/kcu105/1.6/board.xml as part xcku040-ffva1156-2-e specified in board_part file is either invalid or not available
WARNING: [Board 49-26] cannot add Board Part xilinx.com:kcu105:part0:1.7 available at C:/Xilinx/Vivado/2022.1/data/xhub/boards/XilinxBoardStore/boards/Xilinx/kcu105/1.7/board.xml as part xcku040-ffva1156-2-e specified in board_part file is either invalid or not available
WARNING: [Board 49-26] cannot add Board Part xilinx.com:kcu1500:part0:1.2 available at C:/Xilinx/Vivado/2022.1/data/xhub/boards/XilinxBoardStore/boards/Xilinx/kcu1500/1.2/board.xml as part xcku115-flvb2104-2-e specified in board_part file is either invalid or not available
WARNING: [Board 49-26] cannot add Board Part xilinx.com:vc707:part0:1.4 available at C:/Xilinx/Vivado/2022.1/data/xhub/boards/XilinxBoardStore/boards/Xilinx/vc707/1.4/board.xml as part xc7vx485tffg1761-2 specified in board_part file is either invalid or not available
WARNING: [Board 49-26] cannot add Board Part xilinx.com:vc709:part0:1.8 available at C:/Xilinx/Vivado/2022.1/data/xhub/boards/XilinxBoardStore/boards/Xilinx/vc709/1.8/board.xml as part xc7vx690tffg1761-2 specified in board_part file is either invalid or not available
WARNING: [Board 49-26] cannot add Board Part xilinx.com:vck190:part0:2.2 available at C:/Xilinx/Vivado/2022.1/data/xhub/boards/XilinxBoardStore/boards/Xilinx/vck190/production/2.2/board.xml as part xcvc1902-vsva2197-2mp-e-s specified in board_part file is either invalid or not available
WARNING: [Board 49-26] cannot add Board Part xilinx.com:vck190:part0:3.0 available at C:/Xilinx/Vivado/2022.1/data/xhub/boards/XilinxBoardStore/boards/Xilinx/vck190/production/3.0/board.xml as part xcvc1902-vsva2197-2mp-e-s specified in board_part file is either invalid or not available
WARNING: [Board 49-26] cannot add Board Part xilinx.com:vck190_newl:part0:1.0 available at C:/Xilinx/Vivado/2022.1/data/xhub/boards/XilinxBoardStore/boards/Xilinx/vck190_newl/production/1.0/board.xml as part xcvc1902-vsva2197-2mp-e-s specified in board_part file is either invalid or not available
WARNING: [Board 49-26] cannot add Board Part xilinx.com:vcu108:part0:1.6 available at C:/Xilinx/Vivado/2022.1/data/xhub/boards/XilinxBoardStore/boards/Xilinx/vcu108/1.6/board.xml as part xcvu095-ffva2104-2-e specified in board_part file is either invalid or not available
WARNING: [Board 49-26] cannot add Board Part xilinx.com:vcu108:part0:1.7 available at C:/Xilinx/Vivado/2022.1/data/xhub/boards/XilinxBoardStore/boards/Xilinx/vcu108/1.7/board.xml as part xcvu095-ffva2104-2-e specified in board_part file is either invalid or not available
WARNING: [Board 49-26] cannot add Board Part xilinx.com:vcu110:part0:1.4 available at C:/Xilinx/Vivado/2022.1/data/xhub/boards/XilinxBoardStore/boards/Xilinx/vcu110/1.4/board.xml as part xcvu190-flgc2104-2-e specified in board_part file is either invalid or not available
WARNING: [Board 49-26] cannot add Board Part xilinx.com:vcu118:part0:2.0 available at C:/Xilinx/Vivado/2022.1/data/xhub/boards/XilinxBoardStore/boards/Xilinx/vcu118/2.0/board.xml as part xcvu9p-flga2104-2l-e specified in board_part file is either invalid or not available
WARNING: [Board 49-26] cannot add Board Part xilinx.com:vcu118:part0:2.3 available at C:/Xilinx/Vivado/2022.1/data/xhub/boards/XilinxBoardStore/boards/Xilinx/vcu118/2.3/board.xml as part xcvu9p-flga2104-2l-e specified in board_part file is either invalid or not available
WARNING: [Board 49-26] cannot add Board Part xilinx.com:vcu118:part0:2.4 available at C:/Xilinx/Vivado/2022.1/data/xhub/boards/XilinxBoardStore/boards/Xilinx/vcu118/2.4/board.xml as part xcvu9p-flga2104-2l-e specified in board_part file is either invalid or not available
WARNING: [Board 49-26] cannot add Board Part xilinx.com:vcu128:part0:1.0 available at C:/Xilinx/Vivado/2022.1/data/xhub/boards/XilinxBoardStore/boards/Xilinx/vcu128/production/1.0/board.xml as part xcvu37p-fsvh2892-2l-e specified in board_part file is either invalid or not available
WARNING: [Board 49-26] cannot add Board Part xilinx.com:vcu129:part0:1.0 available at C:/Xilinx/Vivado/2022.1/data/xhub/boards/XilinxBoardStore/boards/Xilinx/vcu129/production/1.0/board.xml as part xcvu29p-fsga2577-2l-e specified in board_part file is either invalid or not available
WARNING: [Board 49-26] cannot add Board Part xilinx.com:vcu1525:part0:1.3 available at C:/Xilinx/Vivado/2022.1/data/xhub/boards/XilinxBoardStore/boards/Xilinx/vcu1525/1.3/board.xml as part xcvu9p-fsgd2104-2l-e specified in board_part file is either invalid or not available
WARNING: [Board 49-26] cannot add Board Part xilinx.com:vermeo_t1_mpsoc:part0:1.0 available at C:/Xilinx/Vivado/2022.1/data/xhub/boards/XilinxBoardStore/boards/Xilinx/vermeo_t1_mpsoc/1.0/board.xml as part xczu19eg-ffvd1760-2l-e specified in board_part file is either invalid or not available
WARNING: [Board 49-26] cannot add Board Part xilinx.com:vermeo_t1_rfsoc:part0:1.0 available at C:/Xilinx/Vivado/2022.1/data/xhub/boards/XilinxBoardStore/boards/Xilinx/vermeo_t1_rfsoc/1.0/board.xml as part xczu21dr-ffvd1156-2l-e specified in board_part file is either invalid or not available
WARNING: [Board 49-26] cannot add Board Part xilinx.com:vmk180:part0:2.2 available at C:/Xilinx/Vivado/2022.1/data/xhub/boards/XilinxBoardStore/boards/Xilinx/vmk180/production/2.2/board.xml as part xcvm1802-vsva2197-2mp-e-s specified in board_part file is either invalid or not available
WARNING: [Board 49-26] cannot add Board Part xilinx.com:vmk180:part0:3.0 available at C:/Xilinx/Vivado/2022.1/data/xhub/boards/XilinxBoardStore/boards/Xilinx/vmk180/production/3.0/board.xml as part xcvm1802-vsva2197-2mp-e-s specified in board_part file is either invalid or not available
WARNING: [Board 49-26] cannot add Board Part xilinx.com:vmk180_newl:part0:1.0 available at C:/Xilinx/Vivado/2022.1/data/xhub/boards/XilinxBoardStore/boards/Xilinx/vmk180_newl/production/1.0/board.xml as part xcvm1802-vsva2197-2mp-e-s specified in board_part file is either invalid or not available
WARNING: [Board 49-26] cannot add Board Part xilinx.com:vpk120_es:part0:1.2 available at C:/Xilinx/Vivado/2022.1/data/xhub/boards/XilinxBoardStore/boards/Xilinx/vpk120/es/1.2/board.xml as part xcvp1202-vsva2785-2mp-e-s-es1 specified in board_part file is either invalid or not available
WARNING: [Board 49-26] cannot add Board Part xilinx.com:vpk120_es_revb:part0:1.0 available at C:/Xilinx/Vivado/2022.1/data/xhub/boards/XilinxBoardStore/boards/Xilinx/vpk120_revb/es/1.0/board.xml as part xcvp1202-vsva2785-2mp-e-s-es1 specified in board_part file is either invalid or not available
WARNING: [Board 49-26] cannot add Board Part xilinx.com:zc706:part0:1.4 available at C:/Xilinx/Vivado/2022.1/data/xhub/boards/XilinxBoardStore/boards/Xilinx/zc706/1.4/board.xml as part xc7z045ffg900-2 specified in board_part file is either invalid or not available
WARNING: [Board 49-26] cannot add Board Part xilinx.com:zcu102:part0:3.3 available at C:/Xilinx/Vivado/2022.1/data/xhub/boards/XilinxBoardStore/boards/Xilinx/zcu102/3.3/board.xml as part xczu9eg-ffvb1156-2-e specified in board_part file is either invalid or not available
WARNING: [Board 49-26] cannot add Board Part xilinx.com:zcu102:part0:3.4 available at C:/Xilinx/Vivado/2022.1/data/xhub/boards/XilinxBoardStore/boards/Xilinx/zcu102/3.4/board.xml as part xczu9eg-ffvb1156-2-e specified in board_part file is either invalid or not available
WARNING: [Board 49-26] cannot add Board Part xilinx.com:zcu111:part0:1.2 available at C:/Xilinx/Vivado/2022.1/data/xhub/boards/XilinxBoardStore/boards/Xilinx/zcu111/1.2/board.xml as part xczu28dr-ffvg1517-2-e specified in board_part file is either invalid or not available
WARNING: [Board 49-26] cannot add Board Part xilinx.com:zcu111:part0:1.3 available at C:/Xilinx/Vivado/2022.1/data/xhub/boards/XilinxBoardStore/boards/Xilinx/zcu111/1.3/board.xml as part xczu28dr-ffvg1517-2-e specified in board_part file is either invalid or not available
WARNING: [Board 49-26] cannot add Board Part xilinx.com:zcu111:part0:1.4 available at C:/Xilinx/Vivado/2022.1/data/xhub/boards/XilinxBoardStore/boards/Xilinx/zcu111/1.4/board.xml as part xczu28dr-ffvg1517-2-e specified in board_part file is either invalid or not available
WARNING: [Board 49-26] cannot add Board Part xilinx.com:zcu1275:part0:1.0 available at C:/Xilinx/Vivado/2022.1/data/xhub/boards/XilinxBoardStore/boards/Xilinx/zcu1275/1.0/board.xml as part xczu29dr-ffvf1760-2-e specified in board_part file is either invalid or not available
WARNING: [Board 49-26] cannot add Board Part xilinx.com:zcu1285:part0:1.0 available at C:/Xilinx/Vivado/2022.1/data/xhub/boards/XilinxBoardStore/boards/Xilinx/zcu1285/1.0/board.xml as part xczu39dr-ffvf1760-2-i specified in board_part file is either invalid or not available
WARNING: [Board 49-26] cannot add Board Part xilinx.com:zcu208:part0:2.0 available at C:/Xilinx/Vivado/2022.1/data/xhub/boards/XilinxBoardStore/boards/Xilinx/zcu208/production/2.0/board.xml as part xczu48dr-fsvg1517-2-e specified in board_part file is either invalid or not available
WARNING: [Board 49-26] cannot add Board Part xilinx.com:zcu208ld:part0:2.0 available at C:/Xilinx/Vivado/2022.1/data/xhub/boards/XilinxBoardStore/boards/Xilinx/zcu208ld/production/2.0/board.xml as part xczu58dr-fsvg1517-2-i specified in board_part file is either invalid or not available
WARNING: [Board 49-26] cannot add Board Part xilinx.com:zcu216:part0:2.0 available at C:/Xilinx/Vivado/2022.1/data/xhub/boards/XilinxBoardStore/boards/Xilinx/zcu216/production/2.0/board.xml as part xczu49dr-ffvf1760-2-e specified in board_part file is either invalid or not available
WARNING: [Board 49-26] cannot add Board Part xilinx.com:zcu216ld:part0:2.0 available at C:/Xilinx/Vivado/2022.1/data/xhub/boards/XilinxBoardStore/boards/Xilinx/zcu216ld/production/2.0/board.xml as part xczu59dr-ffvf1760-2-i specified in board_part file is either invalid or not available
WARNING: [Board 49-26] cannot add Board Part xilinx.com:zcu670:part0:2.0 available at C:/Xilinx/Vivado/2022.1/data/xhub/boards/XilinxBoardStore/boards/Xilinx/zcu670/2.0/board.xml as part xczu67dr-fsve1156-2-i specified in board_part file is either invalid or not available
WARNING: [Board 49-26] cannot add Board Part xilinx.com:zcu670ld:part0:1.0 available at C:/Xilinx/Vivado/2022.1/data/xhub/boards/XilinxBoardStore/boards/Xilinx/zcu670ld/1.0/board.xml as part xczu57dr-fsve1156-2-i specified in board_part file is either invalid or not available
INFO: [filemgmt 56-3] Default IP Output Path : Could not find the directory 'C:/Users/006497838/Desktop/pipelined Processor/Pipeline/IF_class_discussion/IF_class_discussion.gen/sources_1'.
Scanning sources...
Finished scanning sources
INFO: [IP_Flow 19-234] Refreshing IP repositories
INFO: [IP_Flow 19-1704] No user IP repositories specified
INFO: [IP_Flow 19-2313] Loaded Vivado IP repository 'C:/Xilinx/Vivado/2022.1/data/ip'.
open_project: Time (s): cpu = 00:00:19 ; elapsed = 00:00:07 . Memory (MB): peak = 1687.383 ; gain = 0.000
update_compile_order -fileset sources_1
synth_design -rtl -rtl_skip_mlo -name rtl_1
Command: synth_design -rtl -rtl_skip_mlo -name rtl_1
Starting synth_design
Using part: xc7k70tfbv676-1
Top: pipeline
INFO: [Device 21-403] Loading part xc7k70tfbv676-1
---------------------------------------------------------------------------------
Starting RTL Elaboration : Time (s): cpu = 00:00:06 ; elapsed = 00:00:05 . Memory (MB): peak = 1828.605 ; gain = 141.223
---------------------------------------------------------------------------------
INFO: [Synth 8-6157] synthesizing module 'pipeline' [C:/Users/006497838/Desktop/pipelined Processor/Pipeline/IF_class_discussion/IF_class_discussion.srcs/sources_1/imports/IF stage files/pipeline.sv:2]
WARNING: [Synth 8-85] always block has no event control specified [C:/Users/006497838/Desktop/pipelined Processor/Pipeline/IF_class_discussion/IF_class_discussion.srcs/sources_1/imports/IF stage files/pipeline.sv:18]
INFO: [Synth 8-6157] synthesizing module 'ifetch' [C:/Users/006497838/Desktop/pipelined Processor/Pipeline/IF_class_discussion/IF_class_discussion.srcs/sources_1/imports/IF stage files/ifetch.sv:2]
INFO: [Synth 8-251] Time	 PCF	 PCD	 InstrF		 InstrD		 PCPlus4D [C:/Users/006497838/Desktop/pipelined Processor/Pipeline/IF_class_discussion/IF_class_discussion.srcs/sources_1/imports/IF stage files/ifetch.sv:33]
INFO: [Synth 8-6157] synthesizing module 'mux2' [C:/Users/006497838/Desktop/pipelined Processor/Pipeline/IF_class_discussion/IF_class_discussion.srcs/sources_1/imports/IF stage files/mux.sv:1]
	Parameter WIDTH bound to: 32 - type: integer 
INFO: [Synth 8-6155] done synthesizing module 'mux2' (0#1) [C:/Users/006497838/Desktop/pipelined Processor/Pipeline/IF_class_discussion/IF_class_discussion.srcs/sources_1/imports/IF stage files/mux.sv:1]
INFO: [Synth 8-6157] synthesizing module 'flopr' [C:/Users/006497838/Desktop/pipelined Processor/Pipeline/IF_class_discussion/IF_class_discussion.srcs/sources_1/imports/IF stage files/flopr.sv:1]
	Parameter WIDTH bound to: 32 - type: integer 
INFO: [Synth 8-6155] done synthesizing module 'flopr' (0#1) [C:/Users/006497838/Desktop/pipelined Processor/Pipeline/IF_class_discussion/IF_class_discussion.srcs/sources_1/imports/IF stage files/flopr.sv:1]
INFO: [Synth 8-6157] synthesizing module 'adder' [C:/Users/006497838/Desktop/pipelined Processor/Pipeline/IF_class_discussion/IF_class_discussion.srcs/sources_1/imports/IF stage files/adder.sv:1]
INFO: [Synth 8-6155] done synthesizing module 'adder' (0#1) [C:/Users/006497838/Desktop/pipelined Processor/Pipeline/IF_class_discussion/IF_class_discussion.srcs/sources_1/imports/IF stage files/adder.sv:1]
INFO: [Synth 8-6157] synthesizing module 'imem' [C:/Users/006497838/Desktop/pipelined Processor/Pipeline/IF_class_discussion/IF_class_discussion.srcs/sources_1/imports/IF stage files/imem.sv:1]
CRITICAL WARNING: [Synth 8-4445] could not open $readmem data file 'riscvtest.txt'; please make sure the file is added to project and has read permission, ignoring [C:/Users/006497838/Desktop/pipelined Processor/Pipeline/IF_class_discussion/IF_class_discussion.srcs/sources_1/imports/IF stage files/imem.sv:7]
INFO: [Synth 8-6155] done synthesizing module 'imem' (0#1) [C:/Users/006497838/Desktop/pipelined Processor/Pipeline/IF_class_discussion/IF_class_discussion.srcs/sources_1/imports/IF stage files/imem.sv:1]
INFO: [Synth 8-6157] synthesizing module 'if_id' [C:/Users/006497838/Desktop/pipelined Processor/Pipeline/IF_class_discussion/IF_class_discussion.srcs/sources_1/imports/IF stage files/if_id.sv:1]
INFO: [Synth 8-6155] done synthesizing module 'if_id' (0#1) [C:/Users/006497838/Desktop/pipelined Processor/Pipeline/IF_class_discussion/IF_class_discussion.srcs/sources_1/imports/IF stage files/if_id.sv:1]
INFO: [Synth 8-6155] done synthesizing module 'ifetch' (0#1) [C:/Users/006497838/Desktop/pipelined Processor/Pipeline/IF_class_discussion/IF_class_discussion.srcs/sources_1/imports/IF stage files/ifetch.sv:2]
INFO: [Synth 8-6155] done synthesizing module 'pipeline' (0#1) [C:/Users/006497838/Desktop/pipelined Processor/Pipeline/IF_class_discussion/IF_class_discussion.srcs/sources_1/imports/IF stage files/pipeline.sv:2]
WARNING: [Synth 8-4767] Trying to implement RAM ' ' in registers. Block RAM or DRAM implementation is not possible; see log for reasons.
	1: Unable to determine number of words or word size in RAM. 
	2: No valid read/write found for RAM. 
RAM dissolved into registers
WARNING: [Synth 8-3848] Net RAM in module/entity imem does not have driver. [C:/Users/006497838/Desktop/pipelined Processor/Pipeline/IF_class_discussion/IF_class_discussion.srcs/sources_1/imports/IF stage files/imem.sv:4]
WARNING: [Synth 8-3848] Net RAM in module/entity imem does not have driver. [C:/Users/006497838/Desktop/pipelined Processor/Pipeline/IF_class_discussion/IF_class_discussion.srcs/sources_1/imports/IF stage files/imem.sv:4]
WARNING: [Synth 8-3848] Net RAM in module/entity imem does not have driver. [C:/Users/006497838/Desktop/pipelined Processor/Pipeline/IF_class_discussion/IF_class_discussion.srcs/sources_1/imports/IF stage files/imem.sv:4]
WARNING: [Synth 8-3848] Net RAM in module/entity imem does not have driver. [C:/Users/006497838/Desktop/pipelined Processor/Pipeline/IF_class_discussion/IF_class_discussion.srcs/sources_1/imports/IF stage files/imem.sv:4]
WARNING: [Synth 8-3848] Net RAM in module/entity imem does not have driver. [C:/Users/006497838/Desktop/pipelined Processor/Pipeline/IF_class_discussion/IF_class_discussion.srcs/sources_1/imports/IF stage files/imem.sv:4]
WARNING: [Synth 8-3848] Net RAM in module/entity imem does not have driver. [C:/Users/006497838/Desktop/pipelined Processor/Pipeline/IF_class_discussion/IF_class_discussion.srcs/sources_1/imports/IF stage files/imem.sv:4]
WARNING: [Synth 8-3848] Net RAM in module/entity imem does not have driver. [C:/Users/006497838/Desktop/pipelined Processor/Pipeline/IF_class_discussion/IF_class_discussion.srcs/sources_1/imports/IF stage files/imem.sv:4]
WARNING: [Synth 8-3848] Net RAM in module/entity imem does not have driver. [C:/Users/006497838/Desktop/pipelined Processor/Pipeline/IF_class_discussion/IF_class_discussion.srcs/sources_1/imports/IF stage files/imem.sv:4]
WARNING: [Synth 8-3848] Net RAM in module/entity imem does not have driver. [C:/Users/006497838/Desktop/pipelined Processor/Pipeline/IF_class_discussion/IF_class_discussion.srcs/sources_1/imports/IF stage files/imem.sv:4]
WARNING: [Synth 8-3848] Net RAM in module/entity imem does not have driver. [C:/Users/006497838/Desktop/pipelined Processor/Pipeline/IF_class_discussion/IF_class_discussion.srcs/sources_1/imports/IF stage files/imem.sv:4]
WARNING: [Synth 8-3848] Net RAM in module/entity imem does not have driver. [C:/Users/006497838/Desktop/pipelined Processor/Pipeline/IF_class_discussion/IF_class_discussion.srcs/sources_1/imports/IF stage files/imem.sv:4]
WARNING: [Synth 8-3848] Net RAM in module/entity imem does not have driver. [C:/Users/006497838/Desktop/pipelined Processor/Pipeline/IF_class_discussion/IF_class_discussion.srcs/sources_1/imports/IF stage files/imem.sv:4]
WARNING: [Synth 8-3848] Net RAM in module/entity imem does not have driver. [C:/Users/006497838/Desktop/pipelined Processor/Pipeline/IF_class_discussion/IF_class_discussion.srcs/sources_1/imports/IF stage files/imem.sv:4]
WARNING: [Synth 8-3848] Net RAM in module/entity imem does not have driver. [C:/Users/006497838/Desktop/pipelined Processor/Pipeline/IF_class_discussion/IF_class_discussion.srcs/sources_1/imports/IF stage files/imem.sv:4]
WARNING: [Synth 8-3848] Net RAM in module/entity imem does not have driver. [C:/Users/006497838/Desktop/pipelined Processor/Pipeline/IF_class_discussion/IF_class_discussion.srcs/sources_1/imports/IF stage files/imem.sv:4]
WARNING: [Synth 8-3848] Net RAM in module/entity imem does not have driver. [C:/Users/006497838/Desktop/pipelined Processor/Pipeline/IF_class_discussion/IF_class_discussion.srcs/sources_1/imports/IF stage files/imem.sv:4]
WARNING: [Synth 8-3848] Net RAM in module/entity imem does not have driver. [C:/Users/006497838/Desktop/pipelined Processor/Pipeline/IF_class_discussion/IF_class_discussion.srcs/sources_1/imports/IF stage files/imem.sv:4]
WARNING: [Synth 8-3848] Net RAM in module/entity imem does not have driver. [C:/Users/006497838/Desktop/pipelined Processor/Pipeline/IF_class_discussion/IF_class_discussion.srcs/sources_1/imports/IF stage files/imem.sv:4]
WARNING: [Synth 8-3848] Net RAM in module/entity imem does not have driver. [C:/Users/006497838/Desktop/pipelined Processor/Pipeline/IF_class_discussion/IF_class_discussion.srcs/sources_1/imports/IF stage files/imem.sv:4]
WARNING: [Synth 8-3848] Net RAM in module/entity imem does not have driver. [C:/Users/006497838/Desktop/pipelined Processor/Pipeline/IF_class_discussion/IF_class_discussion.srcs/sources_1/imports/IF stage files/imem.sv:4]
WARNING: [Synth 8-3848] Net RAM in module/entity imem does not have driver. [C:/Users/006497838/Desktop/pipelined Processor/Pipeline/IF_class_discussion/IF_class_discussion.srcs/sources_1/imports/IF stage files/imem.sv:4]
WARNING: [Synth 8-3848] Net RAM in module/entity imem does not have driver. [C:/Users/006497838/Desktop/pipelined Processor/Pipeline/IF_class_discussion/IF_class_discussion.srcs/sources_1/imports/IF stage files/imem.sv:4]
WARNING: [Synth 8-3848] Net RAM in module/entity imem does not have driver. [C:/Users/006497838/Desktop/pipelined Processor/Pipeline/IF_class_discussion/IF_class_discussion.srcs/sources_1/imports/IF stage files/imem.sv:4]
WARNING: [Synth 8-3848] Net RAM in module/entity imem does not have driver. [C:/Users/006497838/Desktop/pipelined Processor/Pipeline/IF_class_discussion/IF_class_discussion.srcs/sources_1/imports/IF stage files/imem.sv:4]
WARNING: [Synth 8-3848] Net RAM in module/entity imem does not have driver. [C:/Users/006497838/Desktop/pipelined Processor/Pipeline/IF_class_discussion/IF_class_discussion.srcs/sources_1/imports/IF stage files/imem.sv:4]
WARNING: [Synth 8-3848] Net RAM in module/entity imem does not have driver. [C:/Users/006497838/Desktop/pipelined Processor/Pipeline/IF_class_discussion/IF_class_discussion.srcs/sources_1/imports/IF stage files/imem.sv:4]
WARNING: [Synth 8-3848] Net RAM in module/entity imem does not have driver. [C:/Users/006497838/Desktop/pipelined Processor/Pipeline/IF_class_discussion/IF_class_discussion.srcs/sources_1/imports/IF stage files/imem.sv:4]
WARNING: [Synth 8-3848] Net RAM in module/entity imem does not have driver. [C:/Users/006497838/Desktop/pipelined Processor/Pipeline/IF_class_discussion/IF_class_discussion.srcs/sources_1/imports/IF stage files/imem.sv:4]
WARNING: [Synth 8-3848] Net RAM in module/entity imem does not have driver. [C:/Users/006497838/Desktop/pipelined Processor/Pipeline/IF_class_discussion/IF_class_discussion.srcs/sources_1/imports/IF stage files/imem.sv:4]
WARNING: [Synth 8-3848] Net RAM in module/entity imem does not have driver. [C:/Users/006497838/Desktop/pipelined Processor/Pipeline/IF_class_discussion/IF_class_discussion.srcs/sources_1/imports/IF stage files/imem.sv:4]
WARNING: [Synth 8-3848] Net RAM in module/entity imem does not have driver. [C:/Users/006497838/Desktop/pipelined Processor/Pipeline/IF_class_discussion/IF_class_discussion.srcs/sources_1/imports/IF stage files/imem.sv:4]
WARNING: [Synth 8-3848] Net RAM in module/entity imem does not have driver. [C:/Users/006497838/Desktop/pipelined Processor/Pipeline/IF_class_discussion/IF_class_discussion.srcs/sources_1/imports/IF stage files/imem.sv:4]
WARNING: [Synth 8-3848] Net RAM in module/entity imem does not have driver. [C:/Users/006497838/Desktop/pipelined Processor/Pipeline/IF_class_discussion/IF_class_discussion.srcs/sources_1/imports/IF stage files/imem.sv:4]
WARNING: [Synth 8-3848] Net RAM in module/entity imem does not have driver. [C:/Users/006497838/Desktop/pipelined Processor/Pipeline/IF_class_discussion/IF_class_discussion.srcs/sources_1/imports/IF stage files/imem.sv:4]
WARNING: [Synth 8-3848] Net RAM in module/entity imem does not have driver. [C:/Users/006497838/Desktop/pipelined Processor/Pipeline/IF_class_discussion/IF_class_discussion.srcs/sources_1/imports/IF stage files/imem.sv:4]
WARNING: [Synth 8-3848] Net RAM in module/entity imem does not have driver. [C:/Users/006497838/Desktop/pipelined Processor/Pipeline/IF_class_discussion/IF_class_discussion.srcs/sources_1/imports/IF stage files/imem.sv:4]
WARNING: [Synth 8-3848] Net RAM in module/entity imem does not have driver. [C:/Users/006497838/Desktop/pipelined Processor/Pipeline/IF_class_discussion/IF_class_discussion.srcs/sources_1/imports/IF stage files/imem.sv:4]
WARNING: [Synth 8-3848] Net RAM in module/entity imem does not have driver. [C:/Users/006497838/Desktop/pipelined Processor/Pipeline/IF_class_discussion/IF_class_discussion.srcs/sources_1/imports/IF stage files/imem.sv:4]
WARNING: [Synth 8-3848] Net RAM in module/entity imem does not have driver. [C:/Users/006497838/Desktop/pipelined Processor/Pipeline/IF_class_discussion/IF_class_discussion.srcs/sources_1/imports/IF stage files/imem.sv:4]
WARNING: [Synth 8-3848] Net RAM in module/entity imem does not have driver. [C:/Users/006497838/Desktop/pipelined Processor/Pipeline/IF_class_discussion/IF_class_discussion.srcs/sources_1/imports/IF stage files/imem.sv:4]
WARNING: [Synth 8-3848] Net RAM in module/entity imem does not have driver. [C:/Users/006497838/Desktop/pipelined Processor/Pipeline/IF_class_discussion/IF_class_discussion.srcs/sources_1/imports/IF stage files/imem.sv:4]
WARNING: [Synth 8-3848] Net RAM in module/entity imem does not have driver. [C:/Users/006497838/Desktop/pipelined Processor/Pipeline/IF_class_discussion/IF_class_discussion.srcs/sources_1/imports/IF stage files/imem.sv:4]
WARNING: [Synth 8-3848] Net RAM in module/entity imem does not have driver. [C:/Users/006497838/Desktop/pipelined Processor/Pipeline/IF_class_discussion/IF_class_discussion.srcs/sources_1/imports/IF stage files/imem.sv:4]
WARNING: [Synth 8-3848] Net RAM in module/entity imem does not have driver. [C:/Users/006497838/Desktop/pipelined Processor/Pipeline/IF_class_discussion/IF_class_discussion.srcs/sources_1/imports/IF stage files/imem.sv:4]
WARNING: [Synth 8-3848] Net RAM in module/entity imem does not have driver. [C:/Users/006497838/Desktop/pipelined Processor/Pipeline/IF_class_discussion/IF_class_discussion.srcs/sources_1/imports/IF stage files/imem.sv:4]
WARNING: [Synth 8-3848] Net RAM in module/entity imem does not have driver. [C:/Users/006497838/Desktop/pipelined Processor/Pipeline/IF_class_discussion/IF_class_discussion.srcs/sources_1/imports/IF stage files/imem.sv:4]
WARNING: [Synth 8-3848] Net RAM in module/entity imem does not have driver. [C:/Users/006497838/Desktop/pipelined Processor/Pipeline/IF_class_discussion/IF_class_discussion.srcs/sources_1/imports/IF stage files/imem.sv:4]
WARNING: [Synth 8-3848] Net RAM in module/entity imem does not have driver. [C:/Users/006497838/Desktop/pipelined Processor/Pipeline/IF_class_discussion/IF_class_discussion.srcs/sources_1/imports/IF stage files/imem.sv:4]
WARNING: [Synth 8-3848] Net RAM in module/entity imem does not have driver. [C:/Users/006497838/Desktop/pipelined Processor/Pipeline/IF_class_discussion/IF_class_discussion.srcs/sources_1/imports/IF stage files/imem.sv:4]
WARNING: [Synth 8-3848] Net RAM in module/entity imem does not have driver. [C:/Users/006497838/Desktop/pipelined Processor/Pipeline/IF_class_discussion/IF_class_discussion.srcs/sources_1/imports/IF stage files/imem.sv:4]
WARNING: [Synth 8-3848] Net RAM in module/entity imem does not have driver. [C:/Users/006497838/Desktop/pipelined Processor/Pipeline/IF_class_discussion/IF_class_discussion.srcs/sources_1/imports/IF stage files/imem.sv:4]
WARNING: [Synth 8-3848] Net RAM in module/entity imem does not have driver. [C:/Users/006497838/Desktop/pipelined Processor/Pipeline/IF_class_discussion/IF_class_discussion.srcs/sources_1/imports/IF stage files/imem.sv:4]
WARNING: [Synth 8-3848] Net RAM in module/entity imem does not have driver. [C:/Users/006497838/Desktop/pipelined Processor/Pipeline/IF_class_discussion/IF_class_discussion.srcs/sources_1/imports/IF stage files/imem.sv:4]
WARNING: [Synth 8-3848] Net RAM in module/entity imem does not have driver. [C:/Users/006497838/Desktop/pipelined Processor/Pipeline/IF_class_discussion/IF_class_discussion.srcs/sources_1/imports/IF stage files/imem.sv:4]
WARNING: [Synth 8-3848] Net RAM in module/entity imem does not have driver. [C:/Users/006497838/Desktop/pipelined Processor/Pipeline/IF_class_discussion/IF_class_discussion.srcs/sources_1/imports/IF stage files/imem.sv:4]
WARNING: [Synth 8-3848] Net RAM in module/entity imem does not have driver. [C:/Users/006497838/Desktop/pipelined Processor/Pipeline/IF_class_discussion/IF_class_discussion.srcs/sources_1/imports/IF stage files/imem.sv:4]
WARNING: [Synth 8-3848] Net RAM in module/entity imem does not have driver. [C:/Users/006497838/Desktop/pipelined Processor/Pipeline/IF_class_discussion/IF_class_discussion.srcs/sources_1/imports/IF stage files/imem.sv:4]
WARNING: [Synth 8-3848] Net RAM in module/entity imem does not have driver. [C:/Users/006497838/Desktop/pipelined Processor/Pipeline/IF_class_discussion/IF_class_discussion.srcs/sources_1/imports/IF stage files/imem.sv:4]
WARNING: [Synth 8-3848] Net RAM in module/entity imem does not have driver. [C:/Users/006497838/Desktop/pipelined Processor/Pipeline/IF_class_discussion/IF_class_discussion.srcs/sources_1/imports/IF stage files/imem.sv:4]
WARNING: [Synth 8-3848] Net RAM in module/entity imem does not have driver. [C:/Users/006497838/Desktop/pipelined Processor/Pipeline/IF_class_discussion/IF_class_discussion.srcs/sources_1/imports/IF stage files/imem.sv:4]
WARNING: [Synth 8-3848] Net RAM in module/entity imem does not have driver. [C:/Users/006497838/Desktop/pipelined Processor/Pipeline/IF_class_discussion/IF_class_discussion.srcs/sources_1/imports/IF stage files/imem.sv:4]
WARNING: [Synth 8-3848] Net RAM in module/entity imem does not have driver. [C:/Users/006497838/Desktop/pipelined Processor/Pipeline/IF_class_discussion/IF_class_discussion.srcs/sources_1/imports/IF stage files/imem.sv:4]
WARNING: [Synth 8-3848] Net RAM in module/entity imem does not have driver. [C:/Users/006497838/Desktop/pipelined Processor/Pipeline/IF_class_discussion/IF_class_discussion.srcs/sources_1/imports/IF stage files/imem.sv:4]
WARNING: [Synth 8-3848] Net RAM in module/entity imem does not have driver. [C:/Users/006497838/Desktop/pipelined Processor/Pipeline/IF_class_discussion/IF_class_discussion.srcs/sources_1/imports/IF stage files/imem.sv:4]
WARNING: [Synth 8-7129] Port a[31] in module imem is either unconnected or has no load
WARNING: [Synth 8-7129] Port a[30] in module imem is either unconnected or has no load
WARNING: [Synth 8-7129] Port a[29] in module imem is either unconnected or has no load
WARNING: [Synth 8-7129] Port a[28] in module imem is either unconnected or has no load
WARNING: [Synth 8-7129] Port a[27] in module imem is either unconnected or has no load
WARNING: [Synth 8-7129] Port a[26] in module imem is either unconnected or has no load
WARNING: [Synth 8-7129] Port a[25] in module imem is either unconnected or has no load
WARNING: [Synth 8-7129] Port a[24] in module imem is either unconnected or has no load
WARNING: [Synth 8-7129] Port a[23] in module imem is either unconnected or has no load
WARNING: [Synth 8-7129] Port a[22] in module imem is either unconnected or has no load
WARNING: [Synth 8-7129] Port a[21] in module imem is either unconnected or has no load
WARNING: [Synth 8-7129] Port a[20] in module imem is either unconnected or has no load
WARNING: [Synth 8-7129] Port a[19] in module imem is either unconnected or has no load
WARNING: [Synth 8-7129] Port a[18] in module imem is either unconnected or has no load
WARNING: [Synth 8-7129] Port a[17] in module imem is either unconnected or has no load
WARNING: [Synth 8-7129] Port a[16] in module imem is either unconnected or has no load
WARNING: [Synth 8-7129] Port a[15] in module imem is either unconnected or has no load
WARNING: [Synth 8-7129] Port a[14] in module imem is either unconnected or has no load
WARNING: [Synth 8-7129] Port a[13] in module imem is either unconnected or has no load
WARNING: [Synth 8-7129] Port a[12] in module imem is either unconnected or has no load
WARNING: [Synth 8-7129] Port a[11] in module imem is either unconnected or has no load
WARNING: [Synth 8-7129] Port a[10] in module imem is either unconnected or has no load
WARNING: [Synth 8-7129] Port a[9] in module imem is either unconnected or has no load
WARNING: [Synth 8-7129] Port a[8] in module imem is either unconnected or has no load
WARNING: [Synth 8-7129] Port a[1] in module imem is either unconnected or has no load
WARNING: [Synth 8-7129] Port a[0] in module imem is either unconnected or has no load
---------------------------------------------------------------------------------
Finished RTL Elaboration : Time (s): cpu = 00:00:08 ; elapsed = 00:00:07 . Memory (MB): peak = 1938.625 ; gain = 251.242
---------------------------------------------------------------------------------
---------------------------------------------------------------------------------
Start Handling Custom Attributes
---------------------------------------------------------------------------------
---------------------------------------------------------------------------------
Finished Handling Custom Attributes : Time (s): cpu = 00:00:08 ; elapsed = 00:00:07 . Memory (MB): peak = 1938.625 ; gain = 251.242
---------------------------------------------------------------------------------
---------------------------------------------------------------------------------
Finished RTL Optimization Phase 1 : Time (s): cpu = 00:00:08 ; elapsed = 00:00:07 . Memory (MB): peak = 1938.625 ; gain = 251.242
---------------------------------------------------------------------------------
Netlist sorting complete. Time (s): cpu = 00:00:00 ; elapsed = 00:00:00.011 . Memory (MB): peak = 1938.625 ; gain = 0.000
INFO: [Project 1-570] Preparing netlist for logic optimization

Processing XDC Constraints
Initializing timing engine
Completed Processing XDC Constraints

Netlist sorting complete. Time (s): cpu = 00:00:00 ; elapsed = 00:00:00 . Memory (MB): peak = 1938.625 ; gain = 0.000
INFO: [Project 1-111] Unisim Transformation Summary:
No Unisim elements were transformed.

RTL Elaboration Complete:  : Time (s): cpu = 00:00:19 ; elapsed = 00:00:11 . Memory (MB): peak = 2007.395 ; gain = 320.012
18 Infos, 92 Warnings, 1 Critical Warnings and 0 Errors encountered.
synth_design completed successfully
synth_design: Time (s): cpu = 00:00:22 ; elapsed = 00:00:16 . Memory (MB): peak = 2007.395 ; gain = 320.012
exit
INFO: [Common 17-206] Exiting Vivado at Wed Nov  9 15:05:46 2022...
